c:\users\me\documents\github\glitchart\effectslib\debug\effectslib.pch
c:\users\me\documents\github\glitchart\effectslib\debug\vc141.pdb
c:\users\me\documents\github\glitchart\effectslib\debug\vc141.idb
c:\users\me\documents\github\glitchart\effectslib\debug\stdafx.obj
c:\users\me\documents\github\glitchart\effectslib\debug\dllmain.obj
c:\users\me\documents\github\glitchart\effectslib\debug\effectslib.obj
c:\users\me\documents\github\glitchart\effectslib\debug\mem.obj
c:\users\me\documents\github\glitchart\effectslib\debug\reverb.obj
c:\users\me\documents\github\glitchart\effectslib\debug\snd.obj
c:\users\me\documents\github\glitchart\debug\effectslib.lib
c:\users\me\documents\github\glitchart\debug\effectslib.exp
c:\users\me\documents\github\glitchart\debug\effectslib.ilk
c:\users\me\documents\github\glitchart\debug\effectslib.dll
c:\users\me\documents\github\glitchart\debug\effectslib.pdb
c:\users\me\documents\github\glitchart\effectslib\debug\effectslib.tlog\cl.command.1.tlog
c:\users\me\documents\github\glitchart\effectslib\debug\effectslib.tlog\cl.read.1.tlog
c:\users\me\documents\github\glitchart\effectslib\debug\effectslib.tlog\cl.write.1.tlog
c:\users\me\documents\github\glitchart\effectslib\debug\effectslib.tlog\effectslib.write.1u.tlog
c:\users\me\documents\github\glitchart\effectslib\debug\effectslib.tlog\link.command.1.tlog
c:\users\me\documents\github\glitchart\effectslib\debug\effectslib.tlog\link.read.1.tlog
c:\users\me\documents\github\glitchart\effectslib\debug\effectslib.tlog\link.write.1.tlog
